G:\LAPTOP-SICHERRUNG\ALEXANDER\DOKUMENTE\STUDIUM\BETRIEBSSYSTEME\MEMORY\MEMORY\DEBUG\CORE.OBJ
G:\LAPTOP-SICHERRUNG\ALEXANDER\DOKUMENTE\STUDIUM\BETRIEBSSYSTEME\MEMORY\MEMORY\DEBUG\DISPATCHER.OBJ
G:\LAPTOP-SICHERRUNG\ALEXANDER\DOKUMENTE\STUDIUM\BETRIEBSSYSTEME\MEMORY\MEMORY\DEBUG\LOADER.OBJ
G:\LAPTOP-SICHERRUNG\ALEXANDER\DOKUMENTE\STUDIUM\BETRIEBSSYSTEME\MEMORY\MEMORY\DEBUG\LOG.OBJ
G:\LAPTOP-SICHERRUNG\ALEXANDER\DOKUMENTE\STUDIUM\BETRIEBSSYSTEME\MEMORY\MEMORY\DEBUG\MAIN.OBJ
G:\LAPTOP-SICHERRUNG\ALEXANDER\DOKUMENTE\STUDIUM\BETRIEBSSYSTEME\MEMORY\MEMORY\DEBUG\VC100.PDB
C:\USERS\WAIL\ONEDRIVE\DOKUMENTE\STUDIUM\SS2013-BS1_SPEICHERVERWALTUNG_LUHMANN_ALEXANDER\MEMORY\DEBUG\CORE.OBJ
C:\USERS\WAIL\ONEDRIVE\DOKUMENTE\STUDIUM\SS2013-BS1_SPEICHERVERWALTUNG_LUHMANN_ALEXANDER\MEMORY\DEBUG\DISPATCHER.OBJ
C:\USERS\WAIL\ONEDRIVE\DOKUMENTE\STUDIUM\SS2013-BS1_SPEICHERVERWALTUNG_LUHMANN_ALEXANDER\MEMORY\DEBUG\LOADER.OBJ
C:\USERS\WAIL\ONEDRIVE\DOKUMENTE\STUDIUM\SS2013-BS1_SPEICHERVERWALTUNG_LUHMANN_ALEXANDER\MEMORY\DEBUG\LOG.OBJ
C:\USERS\WAIL\ONEDRIVE\DOKUMENTE\STUDIUM\SS2013-BS1_SPEICHERVERWALTUNG_LUHMANN_ALEXANDER\MEMORY\DEBUG\MAIN.OBJ
C:\USERS\WAIL\ONEDRIVE\DOKUMENTE\STUDIUM\SS2013-BS1_SPEICHERVERWALTUNG_LUHMANN_ALEXANDER\MEMORY\DEBUG\VC110.PDB
G:\LAPTOP-SICHERRUNG\ALEXANDER\DOKUMENTE\STUDIUM\BETRIEBSSYSTEME\MEMORY\MEMORY\DEBUG\MEMORY.ILK
G:\LAPTOP-SICHERRUNG\ALEXANDER\DOKUMENTE\STUDIUM\BETRIEBSSYSTEME\MEMORY\MEMORY\DEBUG\MEMORY.EXE
G:\LAPTOP-SICHERRUNG\ALEXANDER\DOKUMENTE\STUDIUM\BETRIEBSSYSTEME\MEMORY\MEMORY\DEBUG\MEMORY.EXE.INTERMEDIATE.MANIFEST
G:\LAPTOP-SICHERRUNG\ALEXANDER\DOKUMENTE\STUDIUM\BETRIEBSSYSTEME\MEMORY\MEMORY\DEBUG\MEMORY.PDB
G:\LAPTOP-SICHERRUNG\ALEXANDER\DOKUMENTE\STUDIUM\BETRIEBSSYSTEME\MEMORY\MEMORY\DEBUG\MEMORY.EXE.EMBED.MANIFEST
G:\LAPTOP-SICHERRUNG\ALEXANDER\DOKUMENTE\STUDIUM\BETRIEBSSYSTEME\MEMORY\MEMORY\DEBUG\MEMORY.EXE.EMBED.MANIFEST.RES
C:\Users\Wail\OneDrive\Dokumente\Studium\SS2013-BS1_Speicherverwaltung_Luhmann_Alexander\memory\Debug\core.obj
C:\Users\Wail\OneDrive\Dokumente\Studium\SS2013-BS1_Speicherverwaltung_Luhmann_Alexander\memory\Debug\dispatcher.obj
C:\Users\Wail\OneDrive\Dokumente\Studium\SS2013-BS1_Speicherverwaltung_Luhmann_Alexander\memory\Debug\loader.obj
C:\Users\Wail\OneDrive\Dokumente\Studium\SS2013-BS1_Speicherverwaltung_Luhmann_Alexander\memory\Debug\log.obj
C:\Users\Wail\OneDrive\Dokumente\Studium\SS2013-BS1_Speicherverwaltung_Luhmann_Alexander\memory\Debug\main.obj
C:\Users\Wail\OneDrive\Dokumente\Studium\SS2013-BS1_Speicherverwaltung_Luhmann_Alexander\memory\Debug\cl.command.1.tlog
C:\Users\Wail\OneDrive\Dokumente\Studium\SS2013-BS1_Speicherverwaltung_Luhmann_Alexander\memory\Debug\CL.read.1.tlog
C:\Users\Wail\OneDrive\Dokumente\Studium\SS2013-BS1_Speicherverwaltung_Luhmann_Alexander\memory\Debug\CL.write.1.tlog
C:\Users\Wail\OneDrive\Dokumente\Studium\SS2013-BS1_Speicherverwaltung_Luhmann_Alexander\memory\Debug\link-cvtres.read.1.tlog
C:\Users\Wail\OneDrive\Dokumente\Studium\SS2013-BS1_Speicherverwaltung_Luhmann_Alexander\memory\Debug\link-cvtres.write.1.tlog
C:\Users\Wail\OneDrive\Dokumente\Studium\SS2013-BS1_Speicherverwaltung_Luhmann_Alexander\memory\Debug\link-rc.read.1.tlog
C:\Users\Wail\OneDrive\Dokumente\Studium\SS2013-BS1_Speicherverwaltung_Luhmann_Alexander\memory\Debug\link-rc.write.1.tlog
C:\Users\Wail\OneDrive\Dokumente\Studium\SS2013-BS1_Speicherverwaltung_Luhmann_Alexander\memory\Debug\link.2676-cvtres.read.1.tlog
C:\Users\Wail\OneDrive\Dokumente\Studium\SS2013-BS1_Speicherverwaltung_Luhmann_Alexander\memory\Debug\link.2676-cvtres.write.1.tlog
C:\Users\Wail\OneDrive\Dokumente\Studium\SS2013-BS1_Speicherverwaltung_Luhmann_Alexander\memory\Debug\link.2676.read.1.tlog
C:\Users\Wail\OneDrive\Dokumente\Studium\SS2013-BS1_Speicherverwaltung_Luhmann_Alexander\memory\Debug\link.2676.write.1.tlog
C:\Users\Wail\OneDrive\Dokumente\Studium\SS2013-BS1_Speicherverwaltung_Luhmann_Alexander\memory\Debug\link.command.1.tlog
C:\Users\Wail\OneDrive\Dokumente\Studium\SS2013-BS1_Speicherverwaltung_Luhmann_Alexander\memory\Debug\link.read.1.tlog
C:\Users\Wail\OneDrive\Dokumente\Studium\SS2013-BS1_Speicherverwaltung_Luhmann_Alexander\memory\Debug\link.write.1.tlog
C:\Users\Wail\OneDrive\Dokumente\Studium\SS2013-BS1_Speicherverwaltung_Luhmann_Alexander\memory\Debug\mt.command.1.tlog
C:\Users\Wail\OneDrive\Dokumente\Studium\SS2013-BS1_Speicherverwaltung_Luhmann_Alexander\memory\Debug\mt.read.1.tlog
C:\Users\Wail\OneDrive\Dokumente\Studium\SS2013-BS1_Speicherverwaltung_Luhmann_Alexander\memory\Debug\mt.write.1.tlog
C:\Users\Wail\OneDrive\Dokumente\Studium\SS2013-BS1_Speicherverwaltung_Luhmann_Alexander\memory\Debug\rc.command.1.tlog
C:\Users\Wail\OneDrive\Dokumente\Studium\SS2013-BS1_Speicherverwaltung_Luhmann_Alexander\memory\Debug\rc.read.1.tlog
C:\Users\Wail\OneDrive\Dokumente\Studium\SS2013-BS1_Speicherverwaltung_Luhmann_Alexander\memory\Debug\rc.write.1.tlog
C:\Users\Wail\OneDrive\Dokumente\Studium\SS2013-BS1_Speicherverwaltung_Luhmann_Alexander\memory\Debug\memory.exe.embed.manifest
C:\Users\Wail\OneDrive\Dokumente\Studium\SS2013-BS1_Speicherverwaltung_Luhmann_Alexander\memory\Debug\memory.exe.intermediate.manifest
C:\Users\Wail\OneDrive\Dokumente\Studium\SS2013-BS1_Speicherverwaltung_Luhmann_Alexander\memory\Debug\memory.exe.embed.manifest.res
C:\Users\Wail\OneDrive\Dokumente\Studium\SS2013-BS1_Speicherverwaltung_Luhmann_Alexander\memory\Debug\vc100.idb
C:\Users\Wail\OneDrive\Dokumente\Studium\SS2013-BS1_Speicherverwaltung_Luhmann_Alexander\memory\Debug\vc110.idb
C:\Users\Wail\OneDrive\Dokumente\Studium\SS2013-BS1_Speicherverwaltung_Luhmann_Alexander\memory\Debug\memory.pdb
C:\Users\Wail\OneDrive\Dokumente\Studium\SS2013-BS1_Speicherverwaltung_Luhmann_Alexander\memory\Debug\vc100.pdb
C:\Users\Wail\OneDrive\Dokumente\Studium\SS2013-BS1_Speicherverwaltung_Luhmann_Alexander\memory\Debug\vc110.pdb
C:\Users\Wail\OneDrive\Dokumente\Studium\SS2013-BS1_Speicherverwaltung_Luhmann_Alexander\memory\Debug\memory_manifest.rc
