Build started 12.08.2015 04:16:34.
     1>Project "C:\Users\Wail\OneDrive\Dokumente\Studium\SS2013-BS1_Speicherverwaltung_Luhmann_Alexander\memory\memory.vcxproj" on node 2 (Build target(s)).
     1>ClCompile:
         C:\Program Files (x86)\Microsoft Visual Studio 11.0\VC\bin\CL.exe /c /ZI /nologo /W3 /WX- /Od /Oy- /D WIN32 /D _DEBUG /D _CONSOLE /D _UNICODE /D UNICODE /Gm /EHsc /RTC1 /MDd /GS /fp:precise /Zc:wchar_t /Zc:forScope /Fo"Debug\\" /Fd"Debug\vc110.pdb" /Gd /TC /analyze- /errorReport:prompt core.c dispatcher.c loader.c log.c main.c
         main.c
         log.c
         loader.c
         dispatcher.c
         core.c
         Generating Code...
       Link:
         C:\Program Files (x86)\Microsoft Visual Studio 11.0\VC\bin\link.exe /ERRORREPORT:PROMPT /OUT:"C:\Users\Wail\OneDrive\Dokumente\Studium\SS2013-BS1_Speicherverwaltung_Luhmann_Alexander\memory\Debug\memory.exe" /INCREMENTAL /NOLOGO kernel32.lib user32.lib gdi32.lib winspool.lib comdlg32.lib advapi32.lib shell32.lib ole32.lib oleaut32.lib uuid.lib odbc32.lib odbccp32.lib /MANIFEST /MANIFESTUAC:"level='asInvoker' uiAccess='false'" /manifest:embed /DEBUG /PDB:"C:\Users\Wail\OneDrive\Dokumente\Studium\SS2013-BS1_Speicherverwaltung_Luhmann_Alexander\memory\Debug\memory.pdb" /SUBSYSTEM:CONSOLE /TLBID:1 /DYNAMICBASE /NXCOMPAT /IMPLIB:"C:\Users\Wail\OneDrive\Dokumente\Studium\SS2013-BS1_Speicherverwaltung_Luhmann_Alexander\memory\Debug\memory.lib" /MACHINE:X86 Debug\core.obj
         Debug\dispatcher.obj
         Debug\loader.obj
         Debug\log.obj
         Debug\main.obj
         memory.vcxproj -> C:\Users\Wail\OneDrive\Dokumente\Studium\SS2013-BS1_Speicherverwaltung_Luhmann_Alexander\memory\Debug\memory.exe
     1>Done Building Project "C:\Users\Wail\OneDrive\Dokumente\Studium\SS2013-BS1_Speicherverwaltung_Luhmann_Alexander\memory\memory.vcxproj" (Build target(s)).

Build succeeded.

Time Elapsed 00:00:01.58
